{"/home/josue-huarauya/Documentos/Practica_Calificada3/Actividad15/mongoose/weather/services.ts": {"path":"/home/josue-huarauya/Documentos/Practica_Calificada3/Actividad15/mongoose/weather/services.ts","statementMap":{"0":{"start":{"line":39,"column":13},"end":{"line":39,"column":24}},"1":{"start":{"line":9,"column":13},"end":{"line":9,"column":22}},"2":{"start":{"line":18,"column":13},"end":{"line":18,"column":26}},"3":{"start":{"line":29,"column":13},"end":{"line":29,"column":24}},"4":{"start":{"line":1,"column":25},"end":{"line":1,"column":null}},"5":{"start":{"line":9,"column":25},"end":{"line":11,"column":null}},"6":{"start":{"line":10,"column":4},"end":{"line":10,"column":null}},"7":{"start":{"line":18,"column":29},"end":{"line":21,"column":null}},"8":{"start":{"line":19,"column":4},"end":{"line":19,"column":null}},"9":{"start":{"line":20,"column":4},"end":{"line":20,"column":null}},"10":{"start":{"line":29,"column":27},"end":{"line":32,"column":null}},"11":{"start":{"line":30,"column":4},"end":{"line":30,"column":null}},"12":{"start":{"line":31,"column":4},"end":{"line":31,"column":null}},"13":{"start":{"line":39,"column":27},"end":{"line":42,"column":null}},"14":{"start":{"line":40,"column":4},"end":{"line":40,"column":null}},"15":{"start":{"line":41,"column":4},"end":{"line":41,"column":null}}},"fnMap":{"0":{"name":"(anonymous_6)","decl":{"start":{"line":9,"column":25},"end":{"line":9,"column":32}},"loc":{"start":{"line":9,"column":32},"end":{"line":11,"column":null}}},"1":{"name":"(anonymous_7)","decl":{"start":{"line":18,"column":29},"end":{"line":18,"column":36}},"loc":{"start":{"line":18,"column":36},"end":{"line":21,"column":null}}},"2":{"name":"(anonymous_8)","decl":{"start":{"line":29,"column":27},"end":{"line":29,"column":34}},"loc":{"start":{"line":29,"column":47},"end":{"line":32,"column":null}}},"3":{"name":"(anonymous_9)","decl":{"start":{"line":39,"column":27},"end":{"line":39,"column":34}},"loc":{"start":{"line":39,"column":34},"end":{"line":42,"column":null}}}},"branchMap":{},"s":{"0":2,"1":2,"2":2,"3":2,"4":1,"5":1,"6":2,"7":1,"8":2,"9":2,"10":1,"11":2,"12":2,"13":1,"14":2,"15":2},"f":{"0":2,"1":2,"2":2,"3":2},"b":{}}
,"/home/josue-huarauya/Documentos/Practica_Calificada3/Actividad15/pages/components/weather.tsx": {"path":"/home/josue-huarauya/Documentos/Practica_Calificada3/Actividad15/pages/components/weather.tsx","statementMap":{"0":{"start":{"line":16,"column":0},"end":{"line":16,"column":15}},"1":{"start":{"line":1,"column":32},"end":{"line":1,"column":null}},"2":{"start":{"line":3,"column":39},"end":{"line":14,"column":null}},"3":{"start":{"line":4,"column":34},"end":{"line":4,"column":null}},"4":{"start":{"line":9,"column":27},"end":{"line":9,"column":null}},"5":{"start":{"line":16,"column":15},"end":{"line":16,"column":null}}},"fnMap":{"0":{"name":"(anonymous_4)","decl":{"start":{"line":3,"column":39},"end":{"line":3,"column":null}},"loc":{"start":{"line":3,"column":39},"end":{"line":14,"column":null}}},"1":{"name":"(anonymous_5)","decl":{"start":{"line":9,"column":21},"end":{"line":9,"column":27}},"loc":{"start":{"line":9,"column":27},"end":{"line":9,"column":null}}}},"branchMap":{},"s":{"0":2,"1":1,"2":1,"3":3,"4":1,"5":1},"f":{"0":3,"1":1},"b":{}}
,"/home/josue-huarauya/Documentos/Practica_Calificada3/Actividad15/src/middleware/db-connect.ts": {"path":"/home/josue-huarauya/Documentos/Practica_Calificada3/Actividad15/src/middleware/db-connect.ts","statementMap":{"0":{"start":{"line":27,"column":9},"end":{"line":27,"column":18}},"1":{"start":{"line":27,"column":20},"end":{"line":27,"column":32}},"2":{"start":{"line":1,"column":21},"end":{"line":1,"column":null}},"3":{"start":{"line":2,"column":34},"end":{"line":2,"column":null}},"4":{"start":{"line":6,"column":18},"end":{"line":16,"column":null}},"5":{"start":{"line":7,"column":4},"end":{"line":15,"column":null}},"6":{"start":{"line":8,"column":8},"end":{"line":8,"column":null}},"7":{"start":{"line":9,"column":20},"end":{"line":9,"column":null}},"8":{"start":{"line":10,"column":8},"end":{"line":10,"column":null}},"9":{"start":{"line":11,"column":8},"end":{"line":11,"column":null}},"10":{"start":{"line":13,"column":8},"end":{"line":13,"column":null}},"11":{"start":{"line":14,"column":8},"end":{"line":14,"column":null}},"12":{"start":{"line":18,"column":21},"end":{"line":25,"column":null}},"13":{"start":{"line":19,"column":4},"end":{"line":21,"column":null}},"14":{"start":{"line":20,"column":8},"end":{"line":20,"column":null}},"15":{"start":{"line":22,"column":4},"end":{"line":24,"column":null}},"16":{"start":{"line":23,"column":8},"end":{"line":23,"column":null}}},"fnMap":{"0":{"name":"(anonymous_4)","decl":{"start":{"line":6,"column":18},"end":{"line":6,"column":null}},"loc":{"start":{"line":6,"column":18},"end":{"line":16,"column":null}}},"1":{"name":"(anonymous_5)","decl":{"start":{"line":18,"column":21},"end":{"line":18,"column":null}},"loc":{"start":{"line":18,"column":21},"end":{"line":25,"column":null}}}},"branchMap":{"0":{"loc":{"start":{"line":19,"column":4},"end":{"line":21,"column":null}},"type":"if","locations":[{"start":{"line":19,"column":4},"end":{"line":21,"column":null}}]},"1":{"loc":{"start":{"line":22,"column":4},"end":{"line":24,"column":null}},"type":"if","locations":[{"start":{"line":22,"column":4},"end":{"line":24,"column":null}}]}},"s":{"0":3,"1":4,"2":1,"3":1,"4":1,"5":3,"6":3,"7":3,"8":3,"9":3,"10":0,"11":0,"12":1,"13":4,"14":3,"15":4,"16":4},"f":{"0":3,"1":4},"b":{"0":[3],"1":[4]}}
}
